[+] El directorio ya está creado...
{"ok":true,"result":{"message_id":40,"from":{"id":5291565375,"is_bot":true,"first_name":"Robocop","username":"Stilubot"},"chat":{"id":857644731,"first_name":"Juanjo","username":"konguele","type":"private"},"date":1649412063,"text":"He sido configurado"}}Fri Apr  8 12:01:07 CEST 2022 Llamada a Robocop...
Fri Apr  8 12:01:53 CEST 2022 Llamada a Robocop...
Fri Apr  8 12:02:00 CEST 2022 Llamada a Robocop...
Fri Apr  8 12:02:27 CEST 2022 Llamada a Robocop...
Fri Apr  8 12:04:02 CEST 2022 Llamada a Robocop...
Fri Apr  8 12:05:01 CEST 2022 Llamada a Robocop...
Fri Apr  8 12:06:01 CEST 2022 Llamada a Robocop...
Fri Apr  8 12:07:01 CEST 2022 Llamada a Robocop...
Fri Apr  8 12:07:44 CEST 2022 Llamada a Robocop...
Fri Apr  8 12:10:15 CEST 2022 Llamada a Robocop...
Fri Apr  8 12:11:00 CEST 2022 Llamada a Robocop...
Fri Apr  8 12:12:01 CEST 2022 Llamada a Robocop...
Fri Apr  8 12:12:48 CEST 2022 Llamada a Robocop...
Fri Apr  8 12:13:01 CEST 2022 Llamada a Robocop...
Fri Apr  8 12:14:01 CEST 2022 Llamada a Robocop...
Fri Apr  8 12:15:01 CEST 2022 Llamada a Robocop...
Fri Apr  8 12:16:01 CEST 2022 Llamada a Robocop...
Fri Apr  8 12:16:03 CEST 2022 Llamada a Robocop...
Fri Apr  8 12:17:01 CEST 2022 Llamada a Robocop...
Fri Apr  8 12:18:01 CEST 2022 Llamada a Robocop...
Fri Apr  8 12:19:01 CEST 2022 Llamada a Robocop...
Fri Apr  8 12:20:01 CEST 2022 Llamada a Robocop...
Fri Apr  8 12:21:01 CEST 2022 Llamada a Robocop...
Fri Apr  8 12:22:01 CEST 2022 Llamada a Robocop...
Fri Apr  8 12:23:01 CEST 2022 Llamada a Robocop...
Fri Apr  8 12:23:39 CEST 2022 Llamada a Robocop...
Fri Apr  8 12:24:01 CEST 2022 Llamada a Robocop...
Fri Apr  8 12:24:01 CEST 2022 Llamada a Robocop...
Fri Apr  8 12:25:01 CEST 2022 Llamada a Robocop...
Fri Apr  8 12:25:01 CEST 2022 Llamada a Robocop...
Fri Apr  8 12:26:01 CEST 2022 Llamada a Robocop...
Fri Apr  8 12:26:01 CEST 2022 Llamada a Robocop...
Fri Apr  8 12:27:01 CEST 2022 Llamada a Robocop...
Fri Apr  8 12:27:01 CEST 2022 Llamada a Robocop...
Fri Apr  8 12:28:01 CEST 2022 Llamada a Robocop...
Fri Apr  8 12:28:01 CEST 2022 Llamada a Robocop...
Fri Apr  8 12:29:01 CEST 2022 Llamada a Robocop...
Fri Apr  8 12:29:01 CEST 2022 Llamada a Robocop...
Fri Apr  8 12:30:01 CEST 2022 Llamada a Robocop...
Fri Apr  8 12:30:01 CEST 2022 Llamada a Robocop...
Fri Apr  8 12:31:01 CEST 2022 Llamada a Robocop...
Fri Apr  8 12:31:01 CEST 2022 Llamada a Robocop...
Fri Apr  8 12:32:01 CEST 2022 Llamada a Robocop...
Fri Apr  8 12:32:01 CEST 2022 Llamada a Robocop...
Fri Apr  8 12:33:01 CEST 2022 Llamada a Robocop...
Fri Apr  8 12:33:01 CEST 2022 Llamada a Robocop...
Fri Apr  8 12:34:01 CEST 2022 Llamada a Robocop...
Fri Apr  8 12:34:01 CEST 2022 Llamada a Robocop...
Fri Apr  8 12:35:01 CEST 2022 Llamada a Robocop...
Fri Apr  8 12:35:01 CEST 2022 Llamada a Robocop...
Fri Apr  8 12:36:01 CEST 2022 Llamada a Robocop...
Fri Apr  8 12:36:01 CEST 2022 Llamada a Robocop...
Fri Apr  8 12:37:01 CEST 2022 Llamada a Robocop...
Fri Apr  8 12:37:01 CEST 2022 Llamada a Robocop...
Fri Apr  8 12:38:00 CEST 2022 Llamada a Robocop...
Fri Apr  8 12:38:01 CEST 2022 Llamada a Robocop...
Fri Apr  8 12:38:01 CEST 2022 Llamada a Robocop...
Fri Apr  8 12:38:39 CEST 2022 Llamada a Robocop...
Fri Apr  8 12:39:01 CEST 2022 Llamada a Robocop...
Fri Apr  8 12:39:01 CEST 2022 Llamada a Robocop...
Fri Apr  8 12:40:01 CEST 2022 Llamada a Robocop...
Fri Apr  8 12:40:01 CEST 2022 Llamada a Robocop...
Fri Apr  8 12:41:01 CEST 2022 Llamada a Robocop...
Fri Apr  8 12:41:01 CEST 2022 Llamada a Robocop...
Fri Apr  8 12:42:01 CEST 2022 Llamada a Robocop...
Fri Apr  8 12:42:01 CEST 2022 Llamada a Robocop...
Fri Apr  8 12:43:01 CEST 2022 Llamada a Robocop...
Fri Apr  8 12:43:01 CEST 2022 Llamada a Robocop...
Fri Apr  8 12:44:01 CEST 2022 Llamada a Robocop...
Fri Apr  8 12:44:01 CEST 2022 Llamada a Robocop...
Fri Apr  8 12:45:01 CEST 2022 Llamada a Robocop...
Fri Apr  8 12:45:01 CEST 2022 Llamada a Robocop...
Fri Apr  8 12:46:01 CEST 2022 Llamada a Robocop...
Fri Apr  8 12:46:01 CEST 2022 Llamada a Robocop...
Fri Apr  8 12:47:01 CEST 2022 Llamada a Robocop...
Fri Apr  8 12:47:01 CEST 2022 Llamada a Robocop...
Fri Apr  8 12:48:01 CEST 2022 Llamada a Robocop...
Fri Apr  8 12:48:01 CEST 2022 Llamada a Robocop...
Fri Apr  8 12:49:01 CEST 2022 Llamada a Robocop...
Fri Apr  8 12:49:01 CEST 2022 Llamada a Robocop...
Fri Apr  8 12:50:01 CEST 2022 Llamada a Robocop...
Fri Apr  8 12:50:01 CEST 2022 Llamada a Robocop...
Fri Apr  8 12:51:02 CEST 2022 Llamada a Robocop...
Fri Apr  8 12:51:02 CEST 2022 Llamada a Robocop...
Fri Apr  8 12:52:01 CEST 2022 Llamada a Robocop...
Fri Apr  8 12:52:01 CEST 2022 Llamada a Robocop...
Fri Apr  8 12:53:01 CEST 2022 Llamada a Robocop...
Fri Apr  8 12:53:01 CEST 2022 Llamada a Robocop...
Fri Apr  8 12:54:01 CEST 2022 Llamada a Robocop...
Fri Apr  8 12:54:01 CEST 2022 Llamada a Robocop...
Fri Apr  8 12:55:01 CEST 2022 Llamada a Robocop...
Fri Apr  8 12:55:01 CEST 2022 Llamada a Robocop...
Fri Apr  8 12:56:01 CEST 2022 Llamada a Robocop...
Fri Apr  8 12:56:01 CEST 2022 Llamada a Robocop...
Fri Apr  8 12:57:01 CEST 2022 Llamada a Robocop...
Fri Apr  8 12:57:01 CEST 2022 Llamada a Robocop...
Fri Apr  8 12:58:01 CEST 2022 Llamada a Robocop...
Fri Apr  8 12:58:01 CEST 2022 Llamada a Robocop...
Fri Apr  8 12:59:01 CEST 2022 Llamada a Robocop...
Fri Apr  8 12:59:01 CEST 2022 Llamada a Robocop...
Fri Apr  8 13:00:01 CEST 2022 Llamada a Robocop...
Fri Apr  8 13:00:01 CEST 2022 Llamada a Robocop...
Fri Apr  8 13:01:01 CEST 2022 Llamada a Robocop...
Fri Apr  8 13:01:01 CEST 2022 Llamada a Robocop...
Fri Apr  8 13:02:01 CEST 2022 Llamada a Robocop...
Fri Apr  8 13:02:01 CEST 2022 Llamada a Robocop...
Fri Apr  8 13:02:40 CEST 2022 Llamada a Robocop...
Fri Apr  8 13:03:01 CEST 2022 Llamada a Robocop...
Fri Apr  8 13:03:01 CEST 2022 Llamada a Robocop...
Fri Apr  8 13:03:23 CEST 2022 Llamada a Robocop...
Fri Apr  8 13:03:50 CEST 2022 Llamada a Robocop...
Fri Apr  8 13:04:02 CEST 2022 Llamada a Robocop...
Fri Apr  8 13:04:02 CEST 2022 Llamada a Robocop...
Fri Apr  8 13:05:01 CEST 2022 Llamada a Robocop...
Fri Apr  8 13:05:01 CEST 2022 Llamada a Robocop...
Fri Apr  8 13:06:01 CEST 2022 Llamada a Robocop...
Fri Apr  8 13:06:01 CEST 2022 Llamada a Robocop...
Fri Apr  8 13:07:01 CEST 2022 Llamada a Robocop...
Fri Apr  8 13:07:01 CEST 2022 Llamada a Robocop...
Fri Apr  8 13:07:28 CEST 2022 Llamada a Robocop...
Fri Apr  8 13:08:01 CEST 2022 Llamada a Robocop...
Fri Apr  8 13:08:01 CEST 2022 Llamada a Robocop...
Fri Apr  8 13:09:01 CEST 2022 Llamada a Robocop...
Fri Apr  8 13:09:01 CEST 2022 Llamada a Robocop...
Fri Apr  8 13:09:41 CEST 2022 Llamada a Robocop...
Fri Apr  8 13:10:01 CEST 2022 Llamada a Robocop...
Fri Apr  8 13:10:01 CEST 2022 Llamada a Robocop...
Fri Apr  8 13:11:01 CEST 2022 Llamada a Robocop...
Fri Apr  8 13:11:01 CEST 2022 Llamada a Robocop...
Fri Apr  8 13:11:42 CEST 2022 Llamada a Robocop...
Fri Apr  8 13:12:01 CEST 2022 Llamada a Robocop...
Fri Apr  8 13:12:01 CEST 2022 Llamada a Robocop...
Fri Apr  8 13:13:01 CEST 2022 Llamada a Robocop...
Fri Apr  8 13:13:01 CEST 2022 Llamada a Robocop...
Fri Apr  8 13:14:01 CEST 2022 Llamada a Robocop...
Fri Apr  8 13:14:01 CEST 2022 Llamada a Robocop...
Fri Apr  8 13:14:06 CEST 2022 Llamada a Robocop...
{"ok":false,"error_code":400,"description":"Bad Request: chat_id is empty"}Fri Apr  8 13:15:01 CEST 2022 Llamada a Robocop...
Fri Apr  8 13:15:01 CEST 2022 Llamada a Robocop...
Fri Apr  8 13:16:01 CEST 2022 Llamada a Robocop...
Fri Apr  8 13:16:01 CEST 2022 Llamada a Robocop...
Fri Apr  8 13:17:01 CEST 2022 Llamada a Robocop...
Fri Apr  8 13:17:01 CEST 2022 Llamada a Robocop...
Fri Apr  8 13:17:28 CEST 2022 Llamada a Robocop...
{"ok":true,"result":{"message_id":41,"from":{"id":5291565375,"is_bot":true,"first_name":"Robocop","username":"Stilubot"},"chat":{"id":857644731,"first_name":"Juanjo","username":"konguele","type":"private"},"date":1649417639,"text":"Prueba"}}Fri Apr  8 13:18:01 CEST 2022 Llamada a Robocop...
Fri Apr  8 13:18:01 CEST 2022 Llamada a Robocop...
Fri Apr  8 13:19:01 CEST 2022 Llamada a Robocop...
Fri Apr  8 13:19:01 CEST 2022 Llamada a Robocop...
Fri Apr  8 13:19:54 CEST 2022 Llamada a Robocop...
{"ok":true,"result":{"message_id":42,"from":{"id":5291565375,"is_bot":true,"first_name":"Robocop","username":"Stilubot"},"chat":{"id":857644731,"first_name":"Juanjo","username":"konguele","type":"private"},"date":1649417774,"text":"<b>Host</b>:        <code>web.stilugames.com</code>\n<b>Tiempo activo</b>:  <code>up 6 hours, 21 minutes</code>\n\n<b>CPU</b>:         <code>0.00 0.00 0.00</code>","entities":[{"offset":26,"length":18,"type":"url"}]}}Fri Apr  8 13:20:02 CEST 2022 Llamada a Robocop...
Fri Apr  8 13:20:02 CEST 2022 Llamada a Robocop...
Fri Apr  8 13:21:01 CEST 2022 Llamada a Robocop...
Fri Apr  8 13:21:01 CEST 2022 Llamada a Robocop...
Fri Apr  8 13:22:01 CEST 2022 Llamada a Robocop...
Fri Apr  8 13:22:01 CEST 2022 Llamada a Robocop...
Fri Apr  8 13:23:01 CEST 2022 Llamada a Robocop...
Fri Apr  8 13:23:01 CEST 2022 Llamada a Robocop...
Fri Apr  8 13:23:06 CEST 2022 Llamada a Robocop...
{"ok":true,"result":{"message_id":45,"from":{"id":5291565375,"is_bot":true,"first_name":"Robocop","username":"Stilubot"},"chat":{"id":857644731,"first_name":"Juanjo","username":"konguele","type":"private"},"date":1649417951,"text":"**Host:**        <code>web.stilugames.com</code>\n<b>Tiempo activo</b>:  <code>up 6 hours, 24 minutes</code>\n\n<b>CPU</b>:         <code>0.00 0.00 0.00</code>","entities":[{"offset":23,"length":18,"type":"url"}]}}Fri Apr  8 13:24:01 CEST 2022 Llamada a Robocop...
Fri Apr  8 13:24:01 CEST 2022 Llamada a Robocop...
Fri Apr  8 13:24:54 CEST 2022 Llamada a Robocop...
{"ok":true,"result":{"message_id":46,"from":{"id":5291565375,"is_bot":true,"first_name":"Robocop","username":"Stilubot"},"chat":{"id":857644731,"first_name":"Juanjo","username":"konguele","type":"private"},"date":1649418051,"text":"*Host:*        <code>web.stilugames.com</code>\n<b>Tiempo activo</b>:  <code>up 6 hours, 26 minutes</code>\n\n<b>CPU</b>:         <code>0.00 0.00 0.00</code>","entities":[{"offset":21,"length":18,"type":"url"}]}}Fri Apr  8 13:25:01 CEST 2022 Llamada a Robocop...
Fri Apr  8 13:25:01 CEST 2022 Llamada a Robocop...
Fri Apr  8 13:26:02 CEST 2022 Llamada a Robocop...
Fri Apr  8 13:26:02 CEST 2022 Llamada a Robocop...
Fri Apr  8 13:26:32 CEST 2022 Llamada a Robocop...
{"ok":true,"result":{"message_id":48,"from":{"id":5291565375,"is_bot":true,"first_name":"Robocop","username":"Stilubot"},"chat":{"id":857644731,"first_name":"Juanjo","username":"konguele","type":"private"},"date":1649418142,"text":"@bold*Host:*        <code>web.stilugames.com</code>\n<b>Tiempo activo</b>:  <code>up 6 hours, 28 minutes</code>\n\n<b>CPU</b>:         <code>0.00 0.00 0.00</code>","entities":[{"offset":0,"length":5,"type":"mention"},{"offset":26,"length":18,"type":"url"}]}}Fri Apr  8 13:27:01 CEST 2022 Llamada a Robocop...
Fri Apr  8 13:27:01 CEST 2022 Llamada a Robocop...
Fri Apr  8 13:28:01 CEST 2022 Llamada a Robocop...
Fri Apr  8 13:28:01 CEST 2022 Llamada a Robocop...
Fri Apr  8 13:29:01 CEST 2022 Llamada a Robocop...
Fri Apr  8 13:29:01 CEST 2022 Llamada a Robocop...
Fri Apr  8 13:30:01 CEST 2022 Llamada a Robocop...
Fri Apr  8 13:30:01 CEST 2022 Llamada a Robocop...
Fri Apr  8 13:31:01 CEST 2022 Llamada a Robocop...
Fri Apr  8 13:31:01 CEST 2022 Llamada a Robocop...
Fri Apr  8 13:31:11 CEST 2022 Llamada a Robocop...
{"ok":true,"result":{"message_id":49,"from":{"id":5291565375,"is_bot":true,"first_name":"Robocop","username":"Stilubot"},"chat":{"id":857644731,"first_name":"Juanjo","username":"konguele","type":"private"},"date":1649418399,"text":"Host:        web.stilugames.com\nTiempo activo:  up 6 hours, 32 minutes\n\nCPU:         0.00 0.00 0.00","entities":[{"offset":0,"length":5,"type":"bold"},{"offset":13,"length":18,"type":"code"},{"offset":32,"length":13,"type":"bold"},{"offset":48,"length":22,"type":"code"},{"offset":72,"length":3,"type":"bold"},{"offset":85,"length":14,"type":"code"}]}}Fri Apr  8 13:32:01 CEST 2022 Llamada a Robocop...
Fri Apr  8 13:32:01 CEST 2022 Llamada a Robocop...
Fri Apr  8 13:33:01 CEST 2022 Llamada a Robocop...
Fri Apr  8 13:33:01 CEST 2022 Llamada a Robocop...
Fri Apr  8 13:34:01 CEST 2022 Llamada a Robocop...
Fri Apr  8 13:34:01 CEST 2022 Llamada a Robocop...
Fri Apr  8 13:35:01 CEST 2022 Llamada a Robocop...
Fri Apr  8 13:35:01 CEST 2022 Llamada a Robocop...
Fri Apr  8 13:36:01 CEST 2022 Llamada a Robocop...
Fri Apr  8 13:36:01 CEST 2022 Llamada a Robocop...
Fri Apr  8 13:37:02 CEST 2022 Llamada a Robocop...
Fri Apr  8 13:37:02 CEST 2022 Llamada a Robocop...
Fri Apr  8 13:38:01 CEST 2022 Llamada a Robocop...
Fri Apr  8 13:38:01 CEST 2022 Llamada a Robocop...
Fri Apr  8 13:39:01 CEST 2022 Llamada a Robocop...
Fri Apr  8 13:39:01 CEST 2022 Llamada a Robocop...
Fri Apr  8 13:40:01 CEST 2022 Llamada a Robocop...
Fri Apr  8 13:40:01 CEST 2022 Llamada a Robocop...
Fri Apr  8 13:41:01 CEST 2022 Llamada a Robocop...
Fri Apr  8 13:41:01 CEST 2022 Llamada a Robocop...
Fri Apr  8 13:41:10 CEST 2022 Llamada a Robocop...
Fri Apr  8 13:41:35 CEST 2022 Llamada a Robocop...
{"ok":false,"error_code":400,"description":"Bad Request: can't parse entities: Can't find end tag corresponding to start tag b"}Fri Apr  8 13:42:01 CEST 2022 Llamada a Robocop...
Fri Apr  8 13:42:01 CEST 2022 Llamada a Robocop...
Fri Apr  8 13:43:01 CEST 2022 Llamada a Robocop...
Fri Apr  8 13:43:01 CEST 2022 Llamada a Robocop...
Fri Apr  8 13:43:31 CEST 2022 Llamada a Robocop...
{"ok":true,"result":{"message_id":50,"from":{"id":5291565375,"is_bot":true,"first_name":"Robocop","username":"Stilubot"},"chat":{"id":857644731,"first_name":"Juanjo","username":"konguele","type":"private"},"date":1649419082,"text":"Host:        web.stilugames.com\nTiempo activo:  up 6 hours, 45 minutes\n\nCPU:         0.00 0.00 0.00\nStatus: ALARMA!! CPU FULL. Revisad lo antes posible","entities":[{"offset":0,"length":5,"type":"bold"},{"offset":13,"length":18,"type":"code"},{"offset":32,"length":13,"type":"bold"},{"offset":48,"length":22,"type":"code"},{"offset":72,"length":3,"type":"bold"},{"offset":85,"length":14,"type":"code"},{"offset":100,"length":7,"type":"bold"},{"offset":108,"length":43,"type":"code"}]}}Fri Apr  8 13:44:01 CEST 2022 Llamada a Robocop...
Fri Apr  8 13:44:01 CEST 2022 Llamada a Robocop...
Fri Apr  8 13:45:01 CEST 2022 Llamada a Robocop...
Fri Apr  8 13:45:01 CEST 2022 Llamada a Robocop...
Fri Apr  8 13:46:01 CEST 2022 Llamada a Robocop...
Fri Apr  8 13:46:01 CEST 2022 Llamada a Robocop...
Fri Apr  8 13:47:01 CEST 2022 Llamada a Robocop...
Fri Apr  8 13:47:01 CEST 2022 Llamada a Robocop...
Fri Apr  8 13:47:11 CEST 2022 Llamada a Robocop...
{"ok":true,"result":{"message_id":51,"from":{"id":5291565375,"is_bot":true,"first_name":"Robocop","username":"Stilubot"},"chat":{"id":857644731,"first_name":"Juanjo","username":"konguele","type":"private"},"date":1649419285,"text":"Host:        web.stilugames.com\nTiempo activo:  up 6 hours, 48 minutes\n\nCPU:         0.00 0.00 0.00\nStatus: ALARMA!! CPU FULL. Revisad lo antes posible","entities":[{"offset":0,"length":5,"type":"bold"},{"offset":13,"length":18,"type":"code"},{"offset":32,"length":13,"type":"bold"},{"offset":48,"length":22,"type":"code"},{"offset":72,"length":3,"type":"bold"},{"offset":85,"length":14,"type":"code"},{"offset":100,"length":7,"type":"bold"},{"offset":108,"length":43,"type":"code"}]}}Fri Apr  8 13:48:01 CEST 2022 Llamada a Robocop...
Fri Apr  8 13:48:01 CEST 2022 Llamada a Robocop...
Fri Apr  8 13:49:01 CEST 2022 Llamada a Robocop...
Fri Apr  8 13:49:01 CEST 2022 Llamada a Robocop...
Fri Apr  8 13:50:01 CEST 2022 Llamada a Robocop...
Fri Apr  8 13:50:01 CEST 2022 Llamada a Robocop...
Fri Apr  8 13:51:01 CEST 2022 Llamada a Robocop...
Fri Apr  8 13:51:01 CEST 2022 Llamada a Robocop...
Fri Apr  8 13:52:01 CEST 2022 Llamada a Robocop...
Fri Apr  8 13:52:01 CEST 2022 Llamada a Robocop...
Fri Apr  8 13:52:20 CEST 2022 Llamada a Robocop...
Fri Apr  8 13:53:01 CEST 2022 Llamada a Robocop...
Fri Apr  8 13:53:01 CEST 2022 Llamada a Robocop...
Fri Apr  8 13:54:01 CEST 2022 Llamada a Robocop...
Fri Apr  8 13:54:01 CEST 2022 Llamada a Robocop...
Fri Apr  8 13:55:01 CEST 2022 Llamada a Robocop...
Fri Apr  8 13:55:01 CEST 2022 Llamada a Robocop...
Fri Apr  8 13:55:53 CEST 2022 Llamada a Robocop...
Fri Apr  8 13:56:01 CEST 2022 Llamada a Robocop...
Fri Apr  8 13:56:01 CEST 2022 Llamada a Robocop...
Fri Apr  8 13:57:01 CEST 2022 Llamada a Robocop...
Fri Apr  8 13:57:01 CEST 2022 Llamada a Robocop...
Fri Apr  8 13:57:07 CEST 2022 Llamada a Robocop...
Fri Apr  8 13:58:01 CEST 2022 Llamada a Robocop...
Fri Apr  8 13:58:01 CEST 2022 Llamada a Robocop...
Fri Apr  8 13:58:09 CEST 2022 Llamada a Robocop...
{"ok":true,"result":{"message_id":52,"from":{"id":5291565375,"is_bot":true,"first_name":"Robocop","username":"Stilubot"},"chat":{"id":857644731,"first_name":"Juanjo","username":"konguele","type":"private"},"date":1649419892,"text":"Host:        web.stilugames.com\nTiempo activo:  up 6 hours, 59 minutes\n\nCPU:         0.00 0.00 0.00\nStatus: OK - Funciona con normalidad","entities":[{"offset":0,"length":5,"type":"bold"},{"offset":13,"length":18,"type":"code"},{"offset":32,"length":13,"type":"bold"},{"offset":48,"length":22,"type":"code"},{"offset":72,"length":3,"type":"bold"},{"offset":85,"length":14,"type":"code"},{"offset":100,"length":7,"type":"bold"},{"offset":108,"length":28,"type":"code"}]}}Fri Apr  8 13:59:01 CEST 2022 Llamada a Robocop...
Fri Apr  8 13:59:01 CEST 2022 Llamada a Robocop...
Fri Apr  8 14:00:01 CEST 2022 Llamada a Robocop...
Fri Apr  8 14:00:01 CEST 2022 Llamada a Robocop...
Fri Apr  8 14:00:01 CEST 2022 Llamada a Robocop...
{"ok":false,"error_code":400,"description":"Bad Request: can't parse entities: Unexpected end of name token at byte offset 188"}Fri Apr  8 14:01:01 CEST 2022 Llamada a Robocop...
Fri Apr  8 14:01:01 CEST 2022 Llamada a Robocop...
Fri Apr  8 14:02:01 CEST 2022 Llamada a Robocop...
Fri Apr  8 14:02:01 CEST 2022 Llamada a Robocop...
Fri Apr  8 14:02:02 CEST 2022 Llamada a Robocop...
{"ok":false,"error_code":400,"description":"Bad Request: can't parse entities: Unsupported start tag \"p\" at byte offset 183"}Fri Apr  8 14:03:01 CEST 2022 Llamada a Robocop...
Fri Apr  8 14:03:01 CEST 2022 Llamada a Robocop...
Fri Apr  8 14:04:01 CEST 2022 Llamada a Robocop...
Fri Apr  8 14:04:01 CEST 2022 Llamada a Robocop...
Fri Apr  8 14:04:19 CEST 2022 Llamada a Robocop...
{"ok":false,"error_code":400,"description":"Bad Request: can't parse entities: Unsupported start tag \"p\" at byte offset 180"}Fri Apr  8 14:05:01 CEST 2022 Llamada a Robocop...
Fri Apr  8 14:05:01 CEST 2022 Llamada a Robocop...
Fri Apr  8 14:06:01 CEST 2022 Llamada a Robocop...
Fri Apr  8 14:06:01 CEST 2022 Llamada a Robocop...
Fri Apr  8 14:07:01 CEST 2022 Llamada a Robocop...
Fri Apr  8 14:07:01 CEST 2022 Llamada a Robocop...
Fri Apr  8 14:07:37 CEST 2022 Llamada a Robocop...
{"ok":true,"result":{"message_id":53,"from":{"id":5291565375,"is_bot":true,"first_name":"Robocop","username":"Stilubot"},"chat":{"id":857644731,"first_name":"Juanjo","username":"konguele","type":"private"},"date":1649420417,"text":"Host:        web.stilugames.com\nTiempo activo:  up 7 hours, 9 minutes\n\nCPU:         0.00 0.00 0.00\nStatus: OK - Funciona con normalidad","entities":[{"offset":0,"length":5,"type":"bold"},{"offset":13,"length":18,"type":"code"},{"offset":32,"length":13,"type":"bold"},{"offset":48,"length":21,"type":"code"},{"offset":71,"length":3,"type":"bold"},{"offset":84,"length":14,"type":"code"},{"offset":99,"length":7,"type":"bold"},{"offset":107,"length":28,"type":"code"}]}}Fri Apr  8 14:08:01 CEST 2022 Llamada a Robocop...
Fri Apr  8 14:08:01 CEST 2022 Llamada a Robocop...
Fri Apr  8 14:09:01 CEST 2022 Llamada a Robocop...
Fri Apr  8 14:09:01 CEST 2022 Llamada a Robocop...
Fri Apr  8 14:10:01 CEST 2022 Llamada a Robocop...
Fri Apr  8 14:10:01 CEST 2022 Llamada a Robocop...
Fri Apr  8 14:11:01 CEST 2022 Llamada a Robocop...
Fri Apr  8 14:11:01 CEST 2022 Llamada a Robocop...
Fri Apr  8 14:12:01 CEST 2022 Llamada a Robocop...
Fri Apr  8 14:12:01 CEST 2022 Llamada a Robocop...
Fri Apr  8 14:13:01 CEST 2022 Llamada a Robocop...
Fri Apr  8 14:13:01 CEST 2022 Llamada a Robocop...
Fri Apr  8 14:13:19 CEST 2022 Llamada a Robocop...
{"ok":true,"result":{"message_id":54,"from":{"id":5291565375,"is_bot":true,"first_name":"Robocop","username":"Stilubot"},"chat":{"id":857644731,"first_name":"Juanjo","username":"konguele","type":"private"},"date":1649420733,"text":"Host:        web.stilugames.com\nTiempo activo:  up 7 hours, 15 minutes\n\nCPU:         0.00 0.00 0.00\nStatus: OK - Funciona con normalidad","entities":[{"offset":0,"length":5,"type":"bold"},{"offset":13,"length":18,"type":"code"},{"offset":32,"length":13,"type":"bold"},{"offset":48,"length":22,"type":"code"},{"offset":72,"length":3,"type":"bold"},{"offset":85,"length":14,"type":"code"},{"offset":100,"length":7,"type":"bold"},{"offset":108,"length":28,"type":"code"}]}}Fri Apr  8 14:14:01 CEST 2022 Llamada a Robocop...
Fri Apr  8 14:14:01 CEST 2022 Llamada a Robocop...
Fri Apr  8 14:14:02 CEST 2022 Llamada a Robocop...
{"ok":true,"result":{"message_id":55,"from":{"id":5291565375,"is_bot":true,"first_name":"Robocop","username":"Stilubot"},"chat":{"id":857644731,"first_name":"Juanjo","username":"konguele","type":"private"},"date":1649420772,"text":"Host:        web.stilugames.com\nTiempo activo:  up 7 hours, 15 minutes\n\nCPU:         0.00 0.00 0.00\nStatus: OK - Funciona con normalidad","entities":[{"offset":0,"length":5,"type":"bold"},{"offset":13,"length":18,"type":"code"},{"offset":32,"length":13,"type":"bold"},{"offset":48,"length":22,"type":"code"},{"offset":72,"length":3,"type":"bold"},{"offset":85,"length":14,"type":"code"},{"offset":100,"length":7,"type":"bold"},{"offset":108,"length":28,"type":"code"}]}}Fri Apr  8 14:15:01 CEST 2022 Llamada a Robocop...
Fri Apr  8 14:15:01 CEST 2022 Llamada a Robocop...
Fri Apr  8 14:16:01 CEST 2022 Llamada a Robocop...
Fri Apr  8 14:16:01 CEST 2022 Llamada a Robocop...
Fri Apr  8 14:17:01 CEST 2022 Llamada a Robocop...
Fri Apr  8 14:17:01 CEST 2022 Llamada a Robocop...
Fri Apr  8 14:18:01 CEST 2022 Llamada a Robocop...
Fri Apr  8 14:18:01 CEST 2022 Llamada a Robocop...
Fri Apr  8 14:19:01 CEST 2022 Llamada a Robocop...
Fri Apr  8 14:19:01 CEST 2022 Llamada a Robocop...
Fri Apr  8 14:20:01 CEST 2022 Llamada a Robocop...
Fri Apr  8 14:20:01 CEST 2022 Llamada a Robocop...
Fri Apr  8 14:21:01 CEST 2022 Llamada a Robocop...
Fri Apr  8 14:21:01 CEST 2022 Llamada a Robocop...
Fri Apr  8 14:22:01 CEST 2022 Llamada a Robocop...
Fri Apr  8 14:22:01 CEST 2022 Llamada a Robocop...
Fri Apr  8 14:23:01 CEST 2022 Llamada a Robocop...
Fri Apr  8 14:23:01 CEST 2022 Llamada a Robocop...
Fri Apr  8 14:24:01 CEST 2022 Llamada a Robocop...
Fri Apr  8 14:24:01 CEST 2022 Llamada a Robocop...
Fri Apr  8 14:25:01 CEST 2022 Llamada a Robocop...
Fri Apr  8 14:25:01 CEST 2022 Llamada a Robocop...
Fri Apr  8 14:26:01 CEST 2022 Llamada a Robocop...
Fri Apr  8 14:26:01 CEST 2022 Llamada a Robocop...
Fri Apr  8 14:27:01 CEST 2022 Llamada a Robocop...
Fri Apr  8 14:27:01 CEST 2022 Llamada a Robocop...
Fri Apr  8 14:28:01 CEST 2022 Llamada a Robocop...
Fri Apr  8 14:28:01 CEST 2022 Llamada a Robocop...
Fri Apr  8 14:29:01 CEST 2022 Llamada a Robocop...
Fri Apr  8 14:29:01 CEST 2022 Llamada a Robocop...
Fri Apr  8 14:30:01 CEST 2022 Llamada a Robocop...
Fri Apr  8 14:30:01 CEST 2022 Llamada a Robocop...
Fri Apr  8 14:31:01 CEST 2022 Llamada a Robocop...
Fri Apr  8 14:31:01 CEST 2022 Llamada a Robocop...
Fri Apr  8 14:32:01 CEST 2022 Llamada a Robocop...
Fri Apr  8 14:32:01 CEST 2022 Llamada a Robocop...
Fri Apr  8 14:33:01 CEST 2022 Llamada a Robocop...
Fri Apr  8 14:33:01 CEST 2022 Llamada a Robocop...
Fri Apr  8 14:34:01 CEST 2022 Llamada a Robocop...
Fri Apr  8 14:34:01 CEST 2022 Llamada a Robocop...
Fri Apr  8 14:35:01 CEST 2022 Llamada a Robocop...
Fri Apr  8 14:35:01 CEST 2022 Llamada a Robocop...
Fri Apr  8 14:36:01 CEST 2022 Llamada a Robocop...
Fri Apr  8 14:36:01 CEST 2022 Llamada a Robocop...
Fri Apr  8 14:37:01 CEST 2022 Llamada a Robocop...
Fri Apr  8 14:37:01 CEST 2022 Llamada a Robocop...
Fri Apr  8 14:38:01 CEST 2022 Llamada a Robocop...
Fri Apr  8 14:38:01 CEST 2022 Llamada a Robocop...
Fri Apr  8 14:39:01 CEST 2022 Llamada a Robocop...
Fri Apr  8 14:39:01 CEST 2022 Llamada a Robocop...
Fri Apr  8 14:39:35 CEST 2022 Llamada a Robocop...
Fri Apr  8 14:40:01 CEST 2022 Llamada a Robocop...
Fri Apr  8 14:40:01 CEST 2022 Llamada a Robocop...
Fri Apr  8 14:40:02 CEST 2022 Llamada a Robocop...
Fri Apr  8 14:41:02 CEST 2022 Llamada a Robocop...
Fri Apr  8 14:41:02 CEST 2022 Llamada a Robocop...
Fri Apr  8 14:41:23 CEST 2022 Llamada a Robocop...
Fri Apr  8 14:41:58 CEST 2022 Llamada a Robocop...
Fri Apr  8 14:42:01 CEST 2022 Llamada a Robocop...
Fri Apr  8 14:42:01 CEST 2022 Llamada a Robocop...
Fri Apr  8 14:43:02 CEST 2022 Llamada a Robocop...
Fri Apr  8 14:43:02 CEST 2022 Llamada a Robocop...
Fri Apr  8 14:44:01 CEST 2022 Llamada a Robocop...
Fri Apr  8 14:44:01 CEST 2022 Llamada a Robocop...
Fri Apr  8 14:45:01 CEST 2022 Llamada a Robocop...
Fri Apr  8 14:45:01 CEST 2022 Llamada a Robocop...
Fri Apr  8 14:46:01 CEST 2022 Llamada a Robocop...
Fri Apr  8 14:46:01 CEST 2022 Llamada a Robocop...
Fri Apr  8 14:47:01 CEST 2022 Llamada a Robocop...
Fri Apr  8 14:47:01 CEST 2022 Llamada a Robocop...
Fri Apr  8 14:47:02 CEST 2022 Llamada a Robocop...
Fri Apr  8 14:48:01 CEST 2022 Llamada a Robocop...
Fri Apr  8 14:48:01 CEST 2022 Llamada a Robocop...
Fri Apr  8 14:49:01 CEST 2022 Llamada a Robocop...
Fri Apr  8 14:49:01 CEST 2022 Llamada a Robocop...
Fri Apr  8 14:49:09 CEST 2022 Llamada a Robocop...
Fri Apr  8 14:49:38 CEST 2022 Llamada a Robocop...
Fri Apr  8 14:50:01 CEST 2022 Llamada a Robocop...
Fri Apr  8 14:50:01 CEST 2022 Llamada a Robocop...
Fri Apr  8 14:51:01 CEST 2022 Llamada a Robocop...
Fri Apr  8 14:51:01 CEST 2022 Llamada a Robocop...
Fri Apr  8 14:52:01 CEST 2022 Llamada a Robocop...
Fri Apr  8 14:52:01 CEST 2022 Llamada a Robocop...
Fri Apr  8 14:53:01 CEST 2022 Llamada a Robocop...
Fri Apr  8 14:53:01 CEST 2022 Llamada a Robocop...
Fri Apr  8 14:54:01 CEST 2022 Llamada a Robocop...
Fri Apr  8 14:54:01 CEST 2022 Llamada a Robocop...
Fri Apr  8 14:55:01 CEST 2022 Llamada a Robocop...
Fri Apr  8 14:55:01 CEST 2022 Llamada a Robocop...
Fri Apr  8 14:56:01 CEST 2022 Llamada a Robocop...
Fri Apr  8 14:56:01 CEST 2022 Llamada a Robocop...
Fri Apr  8 14:57:02 CEST 2022 Llamada a Robocop...
Fri Apr  8 14:57:02 CEST 2022 Llamada a Robocop...
Fri Apr  8 14:58:01 CEST 2022 Llamada a Robocop...
Fri Apr  8 14:58:01 CEST 2022 Llamada a Robocop...
Fri Apr  8 14:58:25 CEST 2022 Llamada a Robocop...
{"ok":true,"result":{"message_id":56,"from":{"id":5291565375,"is_bot":true,"first_name":"Robocop","username":"Stilubot"},"chat":{"id":857644731,"first_name":"Juanjo","username":"konguele","type":"private"},"date":1649423230,"text":"Host:        web.stilugames.com\\n\nStatus:        OK - El servidor web responde a ping correctamente","entities":[{"offset":0,"length":5,"type":"bold"},{"offset":13,"length":18,"type":"code"},{"offset":34,"length":7,"type":"bold"},{"offset":49,"length":50,"type":"code"}]}}Fri Apr  8 14:59:01 CEST 2022 Llamada a Robocop...
Fri Apr  8 14:59:01 CEST 2022 Llamada a Robocop...
Fri Apr  8 15:00:01 CEST 2022 Llamada a Robocop...
Fri Apr  8 15:00:01 CEST 2022 Llamada a Robocop...
Fri Apr  8 15:00:05 CEST 2022 Llamada a Robocop...
{"ok":true,"result":{"message_id":57,"from":{"id":5291565375,"is_bot":true,"first_name":"Robocop","username":"Stilubot"},"chat":{"id":857644731,"first_name":"Juanjo","username":"konguele","type":"private"},"date":1649423322,"text":"Host:        web.stilugames.com\\n\nStatus:        OK - El servidor web responde a ping correctamente","entities":[{"offset":0,"length":5,"type":"bold"},{"offset":13,"length":18,"type":"code"},{"offset":34,"length":7,"type":"bold"},{"offset":49,"length":50,"type":"code"}]}}Fri Apr  8 15:01:01 CEST 2022 Llamada a Robocop...
Fri Apr  8 15:01:01 CEST 2022 Llamada a Robocop...
Fri Apr  8 15:01:23 CEST 2022 Llamada a Robocop...
{"ok":true,"result":{"message_id":58,"from":{"id":5291565375,"is_bot":true,"first_name":"Robocop","username":"Stilubot"},"chat":{"id":857644731,"first_name":"Juanjo","username":"konguele","type":"private"},"date":1649423395,"text":"Host:        web.stilugames.com\\n\nStatus:        OK - El servidor web responde a ping correctamente","entities":[{"offset":0,"length":5,"type":"bold"},{"offset":13,"length":18,"type":"code"},{"offset":34,"length":7,"type":"bold"},{"offset":49,"length":50,"type":"code"}]}}Fri Apr  8 15:02:01 CEST 2022 Llamada a Robocop...
Fri Apr  8 15:02:01 CEST 2022 Llamada a Robocop...
Fri Apr  8 15:03:01 CEST 2022 Llamada a Robocop...
Fri Apr  8 15:03:01 CEST 2022 Llamada a Robocop...
Fri Apr  8 15:04:01 CEST 2022 Llamada a Robocop...
Fri Apr  8 15:04:01 CEST 2022 Llamada a Robocop...
Fri Apr  8 15:05:01 CEST 2022 Llamada a Robocop...
Fri Apr  8 15:05:01 CEST 2022 Llamada a Robocop...
Fri Apr  8 15:06:01 CEST 2022 Llamada a Robocop...
Fri Apr  8 15:06:01 CEST 2022 Llamada a Robocop...
Fri Apr  8 15:06:05 CEST 2022 Llamada a Robocop...
{"ok":true,"result":{"message_id":59,"from":{"id":5291565375,"is_bot":true,"first_name":"Robocop","username":"Stilubot"},"chat":{"id":857644731,"first_name":"Juanjo","username":"konguele","type":"private"},"date":1649423655,"text":"Host:        web.stilugames.com\\n\nStatus:        OK - El servidor web responde a ping correctamente","entities":[{"offset":0,"length":5,"type":"bold"},{"offset":13,"length":18,"type":"code"},{"offset":34,"length":7,"type":"bold"},{"offset":49,"length":50,"type":"code"}]}}Fri Apr  8 15:07:01 CEST 2022 Llamada a Robocop...
Fri Apr  8 15:07:01 CEST 2022 Llamada a Robocop...
Fri Apr  8 15:07:37 CEST 2022 Llamada a Robocop...
{"ok":true,"result":{"message_id":60,"from":{"id":5291565375,"is_bot":true,"first_name":"Robocop","username":"Stilubot"},"chat":{"id":857644731,"first_name":"Juanjo","username":"konguele","type":"private"},"date":1649423740,"text":"Host:        web.stilugames.com\n\nStatus:        OK - El servidor web responde a ping correctamente","entities":[{"offset":0,"length":5,"type":"bold"},{"offset":13,"length":18,"type":"code"},{"offset":33,"length":7,"type":"bold"},{"offset":48,"length":50,"type":"code"}]}}Fri Apr  8 15:08:01 CEST 2022 Llamada a Robocop...
Fri Apr  8 15:08:01 CEST 2022 Llamada a Robocop...
Fri Apr  8 15:09:01 CEST 2022 Llamada a Robocop...
Fri Apr  8 15:09:01 CEST 2022 Llamada a Robocop...
Fri Apr  8 15:09:19 CEST 2022 Llamada a Robocop...
Fri Apr  8 15:09:45 CEST 2022 Llamada a Robocop...
Fri Apr  8 15:10:01 CEST 2022 Llamada a Robocop...
Fri Apr  8 15:10:01 CEST 2022 Llamada a Robocop...
Fri Apr  8 15:11:01 CEST 2022 Llamada a Robocop...
Fri Apr  8 15:11:01 CEST 2022 Llamada a Robocop...
Fri Apr  8 15:12:01 CEST 2022 Llamada a Robocop...
Fri Apr  8 15:12:01 CEST 2022 Llamada a Robocop...
Fri Apr  8 15:13:02 CEST 2022 Llamada a Robocop...
Fri Apr  8 15:13:02 CEST 2022 Llamada a Robocop...
